<?xml version="1.0" encoding="UTF-8"?>
<testsuite xmlns:xsi="http://www.w3.org/2001/XMLSchema-instance" xsi:noNamespaceSchemaLocation="https://maven.apache.org/surefire/maven-surefire-plugin/xsd/surefire-test-report.xsd" name="com.clearwood.sentry.AppTest" time="0.041" tests="1" errors="0" skipped="0" failures="0">
  <properties>
    <property name="awt.toolkit" value="sun.awt.X11.XToolkit"/>
    <property name="java.specification.version" value="11"/>
    <property name="sun.cpu.isalist" value=""/>
    <property name="sun.jnu.encoding" value="UTF-8"/>
    <property name="java.class.path" value="/home/ewart/Code/sentry/target/test-classes:/home/ewart/Code/sentry/target/classes:/home/ewart/.m2/repository/junit/junit/4.11/junit-4.11.jar:/home/ewart/.m2/repository/org/hamcrest/hamcrest-core/1.3/hamcrest-core-1.3.jar:/home/ewart/.m2/repository/org/json/json/20220320/json-20220320.jar:/home/ewart/.m2/repository/commons-net/commons-net/3.8.0/commons-net-3.8.0.jar:/home/ewart/.m2/repository/commons-codec/commons-codec/1.15/commons-codec-1.15.jar:/home/ewart/.m2/repository/com/google/cloud/google-cloud-storage/2.15.1/google-cloud-storage-2.15.1.jar:/home/ewart/.m2/repository/com/google/guava/guava/31.1-jre/guava-31.1-jre.jar:/home/ewart/.m2/repository/com/google/guava/failureaccess/1.0.1/failureaccess-1.0.1.jar:/home/ewart/.m2/repository/com/google/guava/listenablefuture/9999.0-empty-to-avoid-conflict-with-guava/listenablefuture-9999.0-empty-to-avoid-conflict-with-guava.jar:/home/ewart/.m2/repository/com/google/j2objc/j2objc-annotations/1.3/j2objc-annotations-1.3.jar:/home/ewart/.m2/repository/com/google/http-client/google-http-client/1.42.3/google-http-client-1.42.3.jar:/home/ewart/.m2/repository/io/opencensus/opencensus-contrib-http-util/0.31.1/opencensus-contrib-http-util-0.31.1.jar:/home/ewart/.m2/repository/com/google/http-client/google-http-client-jackson2/1.42.3/google-http-client-jackson2-1.42.3.jar:/home/ewart/.m2/repository/com/google/http-client/google-http-client-gson/1.42.3/google-http-client-gson-1.42.3.jar:/home/ewart/.m2/repository/com/google/api-client/google-api-client/2.0.1/google-api-client-2.0.1.jar:/home/ewart/.m2/repository/com/google/oauth-client/google-oauth-client/1.34.1/google-oauth-client-1.34.1.jar:/home/ewart/.m2/repository/com/google/http-client/google-http-client-apache-v2/1.42.3/google-http-client-apache-v2-1.42.3.jar:/home/ewart/.m2/repository/com/google/apis/google-api-services-storage/v1-rev20220705-2.0.0/google-api-services-storage-v1-rev20220705-2.0.0.jar:/home/ewart/.m2/repository/com/google/code/gson/gson/2.10/gson-2.10.jar:/home/ewart/.m2/repository/com/google/cloud/google-cloud-core/2.8.27/google-cloud-core-2.8.27.jar:/home/ewart/.m2/repository/com/google/auto/value/auto-value-annotations/1.10/auto-value-annotations-1.10.jar:/home/ewart/.m2/repository/com/google/cloud/google-cloud-core-http/2.8.27/google-cloud-core-http-2.8.27.jar:/home/ewart/.m2/repository/com/google/http-client/google-http-client-appengine/1.42.3/google-http-client-appengine-1.42.3.jar:/home/ewart/.m2/repository/com/google/api/gax-httpjson/0.104.5/gax-httpjson-0.104.5.jar:/home/ewart/.m2/repository/com/google/cloud/google-cloud-core-grpc/2.8.27/google-cloud-core-grpc-2.8.27.jar:/home/ewart/.m2/repository/io/grpc/grpc-core/1.50.2/grpc-core-1.50.2.jar:/home/ewart/.m2/repository/com/google/android/annotations/4.1.1.4/annotations-4.1.1.4.jar:/home/ewart/.m2/repository/org/codehaus/mojo/animal-sniffer-annotations/1.22/animal-sniffer-annotations-1.22.jar:/home/ewart/.m2/repository/com/google/api/gax/2.19.5/gax-2.19.5.jar:/home/ewart/.m2/repository/com/google/api/gax-grpc/2.19.5/gax-grpc-2.19.5.jar:/home/ewart/.m2/repository/io/grpc/grpc-alts/1.50.2/grpc-alts-1.50.2.jar:/home/ewart/.m2/repository/io/grpc/grpc-grpclb/1.50.2/grpc-grpclb-1.50.2.jar:/home/ewart/.m2/repository/org/conscrypt/conscrypt-openjdk-uber/2.5.2/conscrypt-openjdk-uber-2.5.2.jar:/home/ewart/.m2/repository/com/google/auth/google-auth-library-credentials/1.12.1/google-auth-library-credentials-1.12.1.jar:/home/ewart/.m2/repository/com/google/auth/google-auth-library-oauth2-http/1.12.1/google-auth-library-oauth2-http-1.12.1.jar:/home/ewart/.m2/repository/com/google/api/api-common/2.2.2/api-common-2.2.2.jar:/home/ewart/.m2/repository/javax/annotation/javax.annotation-api/1.3.2/javax.annotation-api-1.3.2.jar:/home/ewart/.m2/repository/io/opencensus/opencensus-api/0.31.1/opencensus-api-0.31.1.jar:/home/ewart/.m2/repository/io/grpc/grpc-context/1.50.2/grpc-context-1.50.2.jar:/home/ewart/.m2/repository/com/google/api/grpc/proto-google-iam-v1/1.6.7/proto-google-iam-v1-1.6.7.jar:/home/ewart/.m2/repository/com/google/protobuf/protobuf-java/3.21.9/protobuf-java-3.21.9.jar:/home/ewart/.m2/repository/com/google/protobuf/protobuf-java-util/3.21.9/protobuf-java-util-3.21.9.jar:/home/ewart/.m2/repository/com/google/api/grpc/proto-google-common-protos/2.10.0/proto-google-common-protos-2.10.0.jar:/home/ewart/.m2/repository/org/threeten/threetenbp/1.6.4/threetenbp-1.6.4.jar:/home/ewart/.m2/repository/com/google/api/grpc/proto-google-cloud-storage-v2/2.15.1-alpha/proto-google-cloud-storage-v2-2.15.1-alpha.jar:/home/ewart/.m2/repository/com/google/api/grpc/grpc-google-cloud-storage-v2/2.15.1-alpha/grpc-google-cloud-storage-v2-2.15.1-alpha.jar:/home/ewart/.m2/repository/io/grpc/grpc-protobuf/1.50.2/grpc-protobuf-1.50.2.jar:/home/ewart/.m2/repository/com/google/api/grpc/gapic-google-cloud-storage-v2/2.15.1-alpha/gapic-google-cloud-storage-v2-2.15.1-alpha.jar:/home/ewart/.m2/repository/com/fasterxml/jackson/core/jackson-core/2.14.0/jackson-core-2.14.0.jar:/home/ewart/.m2/repository/com/google/code/findbugs/jsr305/3.0.2/jsr305-3.0.2.jar:/home/ewart/.m2/repository/io/grpc/grpc-api/1.50.2/grpc-api-1.50.2.jar:/home/ewart/.m2/repository/io/grpc/grpc-netty-shaded/1.50.2/grpc-netty-shaded-1.50.2.jar:/home/ewart/.m2/repository/io/perfmark/perfmark-api/0.25.0/perfmark-api-0.25.0.jar:/home/ewart/.m2/repository/io/grpc/grpc-auth/1.50.2/grpc-auth-1.50.2.jar:/home/ewart/.m2/repository/io/grpc/grpc-stub/1.50.2/grpc-stub-1.50.2.jar:/home/ewart/.m2/repository/io/grpc/grpc-googleapis/1.50.2/grpc-googleapis-1.50.2.jar:/home/ewart/.m2/repository/org/checkerframework/checker-qual/3.27.0/checker-qual-3.27.0.jar:/home/ewart/.m2/repository/io/grpc/grpc-xds/1.50.2/grpc-xds-1.50.2.jar:/home/ewart/.m2/repository/io/opencensus/opencensus-proto/0.2.0/opencensus-proto-0.2.0.jar:/home/ewart/.m2/repository/io/grpc/grpc-services/1.50.2/grpc-services-1.50.2.jar:/home/ewart/.m2/repository/com/google/re2j/re2j/1.6/re2j-1.6.jar:/home/ewart/.m2/repository/com/google/api/grpc/grpc-google-iam-v1/1.6.7/grpc-google-iam-v1-1.6.7.jar:/home/ewart/.m2/repository/io/grpc/grpc-protobuf-lite/1.50.2/grpc-protobuf-lite-1.50.2.jar:/home/ewart/.m2/repository/com/threerings/getdown/getdown-launcher/1.8.7/getdown-launcher-1.8.7.jar:"/>
    <property name="java.vm.vendor" value="Debian"/>
    <property name="sun.arch.data.model" value="64"/>
    <property name="java.vendor.url" value="https://tracker.debian.org/openjdk-11"/>
    <property name="user.timezone" value=""/>
    <property name="java.vm.specification.version" value="11"/>
    <property name="os.name" value="Linux"/>
    <property name="sun.java.launcher" value="SUN_STANDARD"/>
    <property name="user.country" value="GB"/>
    <property name="sun.boot.library.path" value="/usr/lib/jvm/java-11-openjdk-amd64/lib"/>
    <property name="sun.java.command" value="/home/ewart/Code/sentry/target/surefire/surefirebooter12720455548483399525.jar /home/ewart/Code/sentry/target/surefire 2022-12-11T14-26-30_288-jvmRun1 surefire9577896791526890372tmp surefire_013673669788645793150tmp"/>
    <property name="jdk.debug" value="release"/>
    <property name="surefire.test.class.path" value="/home/ewart/Code/sentry/target/test-classes:/home/ewart/Code/sentry/target/classes:/home/ewart/.m2/repository/junit/junit/4.11/junit-4.11.jar:/home/ewart/.m2/repository/org/hamcrest/hamcrest-core/1.3/hamcrest-core-1.3.jar:/home/ewart/.m2/repository/org/json/json/20220320/json-20220320.jar:/home/ewart/.m2/repository/commons-net/commons-net/3.8.0/commons-net-3.8.0.jar:/home/ewart/.m2/repository/commons-codec/commons-codec/1.15/commons-codec-1.15.jar:/home/ewart/.m2/repository/com/google/cloud/google-cloud-storage/2.15.1/google-cloud-storage-2.15.1.jar:/home/ewart/.m2/repository/com/google/guava/guava/31.1-jre/guava-31.1-jre.jar:/home/ewart/.m2/repository/com/google/guava/failureaccess/1.0.1/failureaccess-1.0.1.jar:/home/ewart/.m2/repository/com/google/guava/listenablefuture/9999.0-empty-to-avoid-conflict-with-guava/listenablefuture-9999.0-empty-to-avoid-conflict-with-guava.jar:/home/ewart/.m2/repository/com/google/j2objc/j2objc-annotations/1.3/j2objc-annotations-1.3.jar:/home/ewart/.m2/repository/com/google/http-client/google-http-client/1.42.3/google-http-client-1.42.3.jar:/home/ewart/.m2/repository/io/opencensus/opencensus-contrib-http-util/0.31.1/opencensus-contrib-http-util-0.31.1.jar:/home/ewart/.m2/repository/com/google/http-client/google-http-client-jackson2/1.42.3/google-http-client-jackson2-1.42.3.jar:/home/ewart/.m2/repository/com/google/http-client/google-http-client-gson/1.42.3/google-http-client-gson-1.42.3.jar:/home/ewart/.m2/repository/com/google/api-client/google-api-client/2.0.1/google-api-client-2.0.1.jar:/home/ewart/.m2/repository/com/google/oauth-client/google-oauth-client/1.34.1/google-oauth-client-1.34.1.jar:/home/ewart/.m2/repository/com/google/http-client/google-http-client-apache-v2/1.42.3/google-http-client-apache-v2-1.42.3.jar:/home/ewart/.m2/repository/com/google/apis/google-api-services-storage/v1-rev20220705-2.0.0/google-api-services-storage-v1-rev20220705-2.0.0.jar:/home/ewart/.m2/repository/com/google/code/gson/gson/2.10/gson-2.10.jar:/home/ewart/.m2/repository/com/google/cloud/google-cloud-core/2.8.27/google-cloud-core-2.8.27.jar:/home/ewart/.m2/repository/com/google/auto/value/auto-value-annotations/1.10/auto-value-annotations-1.10.jar:/home/ewart/.m2/repository/com/google/cloud/google-cloud-core-http/2.8.27/google-cloud-core-http-2.8.27.jar:/home/ewart/.m2/repository/com/google/http-client/google-http-client-appengine/1.42.3/google-http-client-appengine-1.42.3.jar:/home/ewart/.m2/repository/com/google/api/gax-httpjson/0.104.5/gax-httpjson-0.104.5.jar:/home/ewart/.m2/repository/com/google/cloud/google-cloud-core-grpc/2.8.27/google-cloud-core-grpc-2.8.27.jar:/home/ewart/.m2/repository/io/grpc/grpc-core/1.50.2/grpc-core-1.50.2.jar:/home/ewart/.m2/repository/com/google/android/annotations/4.1.1.4/annotations-4.1.1.4.jar:/home/ewart/.m2/repository/org/codehaus/mojo/animal-sniffer-annotations/1.22/animal-sniffer-annotations-1.22.jar:/home/ewart/.m2/repository/com/google/api/gax/2.19.5/gax-2.19.5.jar:/home/ewart/.m2/repository/com/google/api/gax-grpc/2.19.5/gax-grpc-2.19.5.jar:/home/ewart/.m2/repository/io/grpc/grpc-alts/1.50.2/grpc-alts-1.50.2.jar:/home/ewart/.m2/repository/io/grpc/grpc-grpclb/1.50.2/grpc-grpclb-1.50.2.jar:/home/ewart/.m2/repository/org/conscrypt/conscrypt-openjdk-uber/2.5.2/conscrypt-openjdk-uber-2.5.2.jar:/home/ewart/.m2/repository/com/google/auth/google-auth-library-credentials/1.12.1/google-auth-library-credentials-1.12.1.jar:/home/ewart/.m2/repository/com/google/auth/google-auth-library-oauth2-http/1.12.1/google-auth-library-oauth2-http-1.12.1.jar:/home/ewart/.m2/repository/com/google/api/api-common/2.2.2/api-common-2.2.2.jar:/home/ewart/.m2/repository/javax/annotation/javax.annotation-api/1.3.2/javax.annotation-api-1.3.2.jar:/home/ewart/.m2/repository/io/opencensus/opencensus-api/0.31.1/opencensus-api-0.31.1.jar:/home/ewart/.m2/repository/io/grpc/grpc-context/1.50.2/grpc-context-1.50.2.jar:/home/ewart/.m2/repository/com/google/api/grpc/proto-google-iam-v1/1.6.7/proto-google-iam-v1-1.6.7.jar:/home/ewart/.m2/repository/com/google/protobuf/protobuf-java/3.21.9/protobuf-java-3.21.9.jar:/home/ewart/.m2/repository/com/google/protobuf/protobuf-java-util/3.21.9/protobuf-java-util-3.21.9.jar:/home/ewart/.m2/repository/com/google/api/grpc/proto-google-common-protos/2.10.0/proto-google-common-protos-2.10.0.jar:/home/ewart/.m2/repository/org/threeten/threetenbp/1.6.4/threetenbp-1.6.4.jar:/home/ewart/.m2/repository/com/google/api/grpc/proto-google-cloud-storage-v2/2.15.1-alpha/proto-google-cloud-storage-v2-2.15.1-alpha.jar:/home/ewart/.m2/repository/com/google/api/grpc/grpc-google-cloud-storage-v2/2.15.1-alpha/grpc-google-cloud-storage-v2-2.15.1-alpha.jar:/home/ewart/.m2/repository/io/grpc/grpc-protobuf/1.50.2/grpc-protobuf-1.50.2.jar:/home/ewart/.m2/repository/com/google/api/grpc/gapic-google-cloud-storage-v2/2.15.1-alpha/gapic-google-cloud-storage-v2-2.15.1-alpha.jar:/home/ewart/.m2/repository/com/fasterxml/jackson/core/jackson-core/2.14.0/jackson-core-2.14.0.jar:/home/ewart/.m2/repository/com/google/code/findbugs/jsr305/3.0.2/jsr305-3.0.2.jar:/home/ewart/.m2/repository/io/grpc/grpc-api/1.50.2/grpc-api-1.50.2.jar:/home/ewart/.m2/repository/io/grpc/grpc-netty-shaded/1.50.2/grpc-netty-shaded-1.50.2.jar:/home/ewart/.m2/repository/io/perfmark/perfmark-api/0.25.0/perfmark-api-0.25.0.jar:/home/ewart/.m2/repository/io/grpc/grpc-auth/1.50.2/grpc-auth-1.50.2.jar:/home/ewart/.m2/repository/io/grpc/grpc-stub/1.50.2/grpc-stub-1.50.2.jar:/home/ewart/.m2/repository/io/grpc/grpc-googleapis/1.50.2/grpc-googleapis-1.50.2.jar:/home/ewart/.m2/repository/org/checkerframework/checker-qual/3.27.0/checker-qual-3.27.0.jar:/home/ewart/.m2/repository/io/grpc/grpc-xds/1.50.2/grpc-xds-1.50.2.jar:/home/ewart/.m2/repository/io/opencensus/opencensus-proto/0.2.0/opencensus-proto-0.2.0.jar:/home/ewart/.m2/repository/io/grpc/grpc-services/1.50.2/grpc-services-1.50.2.jar:/home/ewart/.m2/repository/com/google/re2j/re2j/1.6/re2j-1.6.jar:/home/ewart/.m2/repository/com/google/api/grpc/grpc-google-iam-v1/1.6.7/grpc-google-iam-v1-1.6.7.jar:/home/ewart/.m2/repository/io/grpc/grpc-protobuf-lite/1.50.2/grpc-protobuf-lite-1.50.2.jar:/home/ewart/.m2/repository/com/threerings/getdown/getdown-launcher/1.8.7/getdown-launcher-1.8.7.jar:"/>
    <property name="sun.cpu.endian" value="little"/>
    <property name="user.home" value="/home/ewart"/>
    <property name="user.language" value="en"/>
    <property name="java.specification.vendor" value="Oracle Corporation"/>
    <property name="java.version.date" value="2022-07-19"/>
    <property name="java.home" value="/usr/lib/jvm/java-11-openjdk-amd64"/>
    <property name="file.separator" value="/"/>
    <property name="basedir" value="/home/ewart/Code/sentry"/>
    <property name="java.vm.compressedOopsMode" value="32-bit"/>
    <property name="line.separator" value="&#10;"/>
    <property name="java.specification.name" value="Java Platform API Specification"/>
    <property name="java.vm.specification.vendor" value="Oracle Corporation"/>
    <property name="java.awt.graphicsenv" value="sun.awt.X11GraphicsEnvironment"/>
    <property name="surefire.real.class.path" value="/home/ewart/Code/sentry/target/surefire/surefirebooter12720455548483399525.jar"/>
    <property name="sun.management.compiler" value="HotSpot 64-Bit Tiered Compilers"/>
    <property name="java.runtime.version" value="11.0.16+8-post-Debian-1deb11u1"/>
    <property name="user.name" value="ewart"/>
    <property name="path.separator" value=":"/>
    <property name="os.version" value="6.0.0-2parrot1-amd64"/>
    <property name="java.runtime.name" value="OpenJDK Runtime Environment"/>
    <property name="file.encoding" value="UTF-8"/>
    <property name="java.vm.name" value="OpenJDK 64-Bit Server VM"/>
    <property name="localRepository" value="/home/ewart/.m2/repository"/>
    <property name="java.vendor.url.bug" value="https://bugs.debian.org/openjdk-11"/>
    <property name="java.io.tmpdir" value="/tmp"/>
    <property name="java.version" value="11.0.16"/>
    <property name="user.dir" value="/home/ewart/Code/sentry"/>
    <property name="os.arch" value="amd64"/>
    <property name="java.vm.specification.name" value="Java Virtual Machine Specification"/>
    <property name="java.awt.printerjob" value="sun.print.PSPrinterJob"/>
    <property name="sun.os.patch.level" value="unknown"/>
    <property name="java.library.path" value="/usr/java/packages/lib:/usr/lib/x86_64-linux-gnu/jni:/lib/x86_64-linux-gnu:/usr/lib/x86_64-linux-gnu:/usr/lib/jni:/lib:/usr/lib"/>
    <property name="java.vm.info" value="mixed mode, sharing"/>
    <property name="java.vendor" value="Debian"/>
    <property name="java.vm.version" value="11.0.16+8-post-Debian-1deb11u1"/>
    <property name="sun.io.unicode.encoding" value="UnicodeLittle"/>
    <property name="java.class.version" value="55.0"/>
  </properties>
  <testcase name="shouldAnswerWithTrue" classname="com.clearwood.sentry.AppTest" time="0.003"/>
</testsuite>